# JRE version: Java(TM) SE Runtime Environment (12.0.2+10) (build 12.0.2+10)
# Java VM: Java HotSpot(TM) 64-Bit Server VM (12.0.2+10, mixed mode, sharing, tiered, compressed oops, parallel gc, windows-amd64)
Heap:
 PSYoungGen      total 28672K, used 9842K [0x00000000eab00000, 0x00000000ed300000, 0x0000000100000000)
  eden space 24576K, 23% used [0x00000000eab00000,0x00000000eb0a0ad0,0x00000000ec300000)
  from space 4096K, 99% used [0x00000000ec400000,0x00000000ec7fc030,0x00000000ec800000)
  to   space 8192K, 0% used [0x00000000ecb00000,0x00000000ecb00000,0x00000000ed300000)
 ParOldGen       total 68608K, used 13093K [0x00000000c0000000, 0x00000000c4300000, 0x00000000eab00000)
  object space 68608K, 19% used [0x00000000c0000000,0x00000000c0cc9660,0x00000000c4300000)
 Metaspace       used 21845K, capacity 23576K, committed 23856K, reserved 1071104K
  class space    used 2119K, capacity 2660K, committed 2688K, reserved 1048576K
GC Heap History (10 events):
Event: 3.334 GC heap before
{Heap before GC invocations=2 (full 0):
 PSYoungGen      total 29696K, used 29465K [0x00000000eab00000, 0x00000000ecc00000, 0x0000000100000000)
  eden space 25600K, 100% used [0x00000000eab00000,0x00000000ec400000,0x00000000ec400000)
  from space 4096K, 94% used [0x00000000ec400000,0x00000000ec7c65a0,0x00000000ec800000)
  to   space 4096K, 0% used [0x00000000ec800000,0x00000000ec800000,0x00000000ecc00000)
 ParOldGen       total 68608K, used 16K [0x00000000c0000000, 0x00000000c4300000, 0x00000000eab00000)
  object space 68608K, 0% used [0x00000000c0000000,0x00000000c0004000,0x00000000c4300000)
 Metaspace       used 14767K, capacity 15856K, committed 16128K, reserved 1062912K
  class space    used 1347K, capacity 1717K, committed 1792K, reserved 1048576K
}
Event: 3.340 GC heap after
{Heap after GC invocations=2 (full 0):
 PSYoungGen      total 29696K, used 4075K [0x00000000eab00000, 0x00000000ecc00000, 0x0000000100000000)
  eden space 25600K, 0% used [0x00000000eab00000,0x00000000eab00000,0x00000000ec400000)
  from space 4096K, 99% used [0x00000000ec800000,0x00000000ecbfac70,0x00000000ecc00000)
  to   space 4096K, 0% used [0x00000000ec400000,0x00000000ec400000,0x00000000ec800000)
 ParOldGen       total 68608K, used 2417K [0x00000000c0000000, 0x00000000c4300000, 0x00000000eab00000)
  object space 68608K, 3% used [0x00000000c0000000,0x00000000c025c4b8,0x00000000c4300000)
 Metaspace       used 14767K, capacity 15856K, committed 16128K, reserved 1062912K
  class space    used 1347K, capacity 1717K, committed 1792K, reserved 1048576K
}
Event: 4.361 GC heap before
{Heap before GC invocations=3 (full 0):
 PSYoungGen      total 29696K, used 18113K [0x00000000eab00000, 0x00000000ecc00000, 0x0000000100000000)
  eden space 25600K, 54% used [0x00000000eab00000,0x00000000eb8b5870,0x00000000ec400000)
  from space 4096K, 99% used [0x00000000ec800000,0x00000000ecbfac70,0x00000000ecc00000)
  to   space 4096K, 0% used [0x00000000ec400000,0x00000000ec400000,0x00000000ec800000)
 ParOldGen       total 68608K, used 2417K [0x00000000c0000000, 0x00000000c4300000, 0x00000000eab00000)
  object space 68608K, 3% used [0x00000000c0000000,0x00000000c025c4b8,0x00000000c4300000)
 Metaspace       used 19725K, capacity 21194K, committed 21296K, reserved 1069056K
  class space    used 1909K, capacity 2401K, committed 2432K, reserved 1048576K
}
Event: 4.366 GC heap after
{Heap after GC invocations=3 (full 0):
 PSYoungGen      total 29696K, used 4092K [0x00000000eab00000, 0x00000000ecc00000, 0x0000000100000000)
  eden space 25600K, 0% used [0x00000000eab00000,0x00000000eab00000,0x00000000ec400000)
  from space 4096K, 99% used [0x00000000ec400000,0x00000000ec7ff280,0x00000000ec800000)
  to   space 4096K, 0% used [0x00000000ec800000,0x00000000ec800000,0x00000000ecc00000)
 ParOldGen       total 68608K, used 4398K [0x00000000c0000000, 0x00000000c4300000, 0x00000000eab00000)
  object space 68608K, 6% used [0x00000000c0000000,0x00000000c044baf8,0x00000000c4300000)
 Metaspace       used 19725K, capacity 21194K, committed 21296K, reserved 1069056K
  class space    used 1909K, capacity 2401K, committed 2432K, reserved 1048576K
}
Event: 4.366 GC heap before
{Heap before GC invocations=4 (full 1):
 PSYoungGen      total 29696K, used 4092K [0x00000000eab00000, 0x00000000ecc00000, 0x0000000100000000)
  eden space 25600K, 0% used [0x00000000eab00000,0x00000000eab00000,0x00000000ec400000)
  from space 4096K, 99% used [0x00000000ec400000,0x00000000ec7ff280,0x00000000ec800000)
  to   space 4096K, 0% used [0x00000000ec800000,0x00000000ec800000,0x00000000ecc00000)
 ParOldGen       total 68608K, used 4398K [0x00000000c0000000, 0x00000000c4300000, 0x00000000eab00000)
  object space 68608K, 6% used [0x00000000c0000000,0x00000000c044baf8,0x00000000c4300000)
 Metaspace       used 19725K, capacity 21194K, committed 21296K, reserved 1069056K
  class space    used 1909K, capacity 2401K, committed 2432K, reserved 1048576K
}
Event: 4.407 GC heap after
{Heap after GC invocations=4 (full 1):
 PSYoungGen      total 29696K, used 0K [0x00000000eab00000, 0x00000000ecc00000, 0x0000000100000000)
  eden space 25600K, 0% used [0x00000000eab00000,0x00000000eab00000,0x00000000ec400000)
  from space 4096K, 0% used [0x00000000ec400000,0x00000000ec400000,0x00000000ec800000)
  to   space 4096K, 0% used [0x00000000ec800000,0x00000000ec800000,0x00000000ecc00000)
 ParOldGen       total 68608K, used 8317K [0x00000000c0000000, 0x00000000c4300000, 0x00000000eab00000)
  object space 68608K, 12% used [0x00000000c0000000,0x00000000c081f7a8,0x00000000c4300000)
 Metaspace       used 19725K, capacity 21194K, committed 21296K, reserved 1069056K
  class space    used 1909K, capacity 2401K, committed 2432K, reserved 1048576K
}
Event: 4.671 GC heap before
{Heap before GC invocations=5 (full 1):
 PSYoungGen      total 29696K, used 25600K [0x00000000eab00000, 0x00000000ecc00000, 0x0000000100000000)
  eden space 25600K, 100% used [0x00000000eab00000,0x00000000ec400000,0x00000000ec400000)
  from space 4096K, 0% used [0x00000000ec400000,0x00000000ec400000,0x00000000ec800000)
  to   space 4096K, 0% used [0x00000000ec800000,0x00000000ec800000,0x00000000ecc00000)
 ParOldGen       total 68608K, used 8317K [0x00000000c0000000, 0x00000000c4300000, 0x00000000eab00000)
  object space 68608K, 12% used [0x00000000c0000000,0x00000000c081f7a8,0x00000000c4300000)
 Metaspace       used 21600K, capacity 23351K, committed 23600K, reserved 1071104K
  class space    used 2104K, capacity 2628K, committed 2688K, reserved 1048576K
}
Event: 4.673 GC heap after
{Heap after GC invocations=5 (full 1):
 PSYoungGen      total 29696K, used 2384K [0x00000000eab00000, 0x00000000ecc00000, 0x0000000100000000)
  eden space 25600K, 0% used [0x00000000eab00000,0x00000000eab00000,0x00000000ec400000)
  from space 4096K, 58% used [0x00000000ec800000,0x00000000eca54030,0x00000000ecc00000)
  to   space 4096K, 0% used [0x00000000ec400000,0x00000000ec400000,0x00000000ec800000)
 ParOldGen       total 68608K, used 8325K [0x00000000c0000000, 0x00000000c4300000, 0x00000000eab00000)
  object space 68608K, 12% used [0x00000000c0000000,0x00000000c08217a8,0x00000000c4300000)
 Metaspace       used 21600K, capacity 23351K, committed 23600K, reserved 1071104K
  class space    used 2104K, capacity 2628K, committed 2688K, reserved 1048576K
}
Event: 4.745 GC heap before
{Heap before GC invocations=6 (full 1):
 PSYoungGen      total 29696K, used 27984K [0x00000000eab00000, 0x00000000ecc00000, 0x0000000100000000)
  eden space 25600K, 100% used [0x00000000eab00000,0x00000000ec400000,0x00000000ec400000)
  from space 4096K, 58% used [0x00000000ec800000,0x00000000eca54030,0x00000000ecc00000)
  to   space 4096K, 0% used [0x00000000ec400000,0x00000000ec400000,0x00000000ec800000)
 ParOldGen       total 68608K, used 8325K [0x00000000c0000000, 0x00000000c4300000, 0x00000000eab00000)
  object space 68608K, 12% used [0x00000000c0000000,0x00000000c08217a8,0x00000000c4300000)
 Metaspace       used 21666K, capacity 23352K, committed 23600K, reserved 1071104K
  class space    used 2106K, capacity 2628K, committed 2688K, reserved 1048576K
}
Event: 4.749 GC heap after
{Heap after GC invocations=6 (full 1):
 PSYoungGen      total 29184K, used 4080K [0x00000000eab00000, 0x00000000ecd80000, 0x0000000100000000)
  eden space 25088K, 0% used [0x00000000eab00000,0x00000000eab00000,0x00000000ec380000)
  from space 4096K, 99% used [0x00000000ec400000,0x00000000ec7fc030,0x00000000ec800000)
  to   space 5120K, 0% used [0x00000000ec880000,0x00000000ec880000,0x00000000ecd80000)
 ParOldGen       total 68608K, used 8501K [0x00000000c0000000, 0x00000000c4300000, 0x00000000eab00000)
  object space 68608K, 12% used [0x00000000c0000000,0x00000000c084d7a8,0x00000000c4300000)
 Metaspace       used 21666K, capacity 23352K, committed 23600K, reserved 1071104K
  class space    used 2106K, capacity 2628K, committed 2688K, reserved 1048576K
}

