# JRE version: Java(TM) SE Runtime Environment (12.0.2+10) (build 12.0.2+10)
# Java VM: Java HotSpot(TM) 64-Bit Server VM (12.0.2+10, mixed mode, sharing, tiered, compressed oops, g1 gc, windows-amd64)
Heap:
 garbage-first heap   total 262144K, used 12595K [0x0000000701400000, 0x0000000800000000)
  region size 1024K, 10 young (10240K), 9 survivors (9216K)
 Metaspace       used 20084K, capacity 20916K, committed 21248K, reserved 1073152K
  class space    used 2432K, capacity 2696K, committed 2816K, reserved 1048576K
GC Heap History (6 events):
Event: 0.808 GC heap before
{Heap before GC invocations=0 (full 0):
 garbage-first heap   total 262144K, used 24576K [0x0000000701400000, 0x0000000800000000)
  region size 1024K, 24 young (24576K), 0 survivors (0K)
 Metaspace       used 4569K, capacity 6608K, committed 6912K, reserved 1056768K
  class space    used 496K, capacity 695K, committed 768K, reserved 1048576K
}
Event: 0.813 GC heap after
{Heap after GC invocations=1 (full 0):
 garbage-first heap   total 262144K, used 7333K [0x0000000701400000, 0x0000000800000000)
  region size 1024K, 3 young (3072K), 3 survivors (3072K)
 Metaspace       used 4569K, capacity 6608K, committed 6912K, reserved 1056768K
  class space    used 496K, capacity 695K, committed 768K, reserved 1048576K
}
Event: 2.807 GC heap before
{Heap before GC invocations=1 (full 0):
 garbage-first heap   total 262144K, used 159909K [0x0000000701400000, 0x0000000800000000)
  region size 1024K, 153 young (156672K), 3 survivors (3072K)
 Metaspace       used 17328K, capacity 17998K, committed 18304K, reserved 1064960K
  class space    used 2104K, capacity 2332K, committed 2432K, reserved 1048576K
}
Event: 2.816 GC heap after
{Heap after GC invocations=2 (full 0):
 garbage-first heap   total 262144K, used 11261K [0x0000000701400000, 0x0000000800000000)
  region size 1024K, 7 young (7168K), 7 survivors (7168K)
 Metaspace       used 17328K, capacity 17998K, committed 18304K, reserved 1064960K
  class space    used 2104K, capacity 2332K, committed 2432K, reserved 1048576K
}
Event: 3.572 GC heap before
{Heap before GC invocations=2 (full 0):
 garbage-first heap   total 262144K, used 47101K [0x0000000701400000, 0x0000000800000000)
  region size 1024K, 43 young (44032K), 7 survivors (7168K)
 Metaspace       used 20083K, capacity 20852K, committed 20992K, reserved 1073152K
  class space    used 2431K, capacity 2696K, committed 2816K, reserved 1048576K
}
Event: 3.587 GC heap after
{Heap after GC invocations=3 (full 0):
 garbage-first heap   total 262144K, used 12595K [0x0000000701400000, 0x0000000800000000)
  region size 1024K, 9 young (9216K), 9 survivors (9216K)
 Metaspace       used 20083K, capacity 20852K, committed 20992K, reserved 1073152K
  class space    used 2431K, capacity 2696K, committed 2816K, reserved 1048576K
}

